Using pre-set license
Built from '2020.3/staging' branch; Version is '2020.3.8f1 (507919d4fff5) revision 5273881'; Using compiler version '192528614'; Build Type 'Release'
OS: 'Windows 10 Home; OS build 19044.1706; Version 2009; 64bit' Language: 'es' Physical Memory: 16263 MB
BatchMode: 1, IsHumanControllingUs: 0, StartBugReporterOnCrash: 0, Is64bit: 1, IsPro: 0

 COMMAND LINE ARGUMENTS:
I:\Versiones de Unity\2020.3.8f1\Editor\Unity.exe
-adb2
-batchMode
-noUpm
-name
AssetImportWorker0
-projectPath
I:/Repos de Github/Digital-Audio-Environment-setting-activity/Ejercicio_Sonorizaci贸n_EnricMorales_DenisDeconinck
-logFile
Logs/AssetImportWorker0.log
-srvPort
52956
Successfully changed project path to: I:/Repos de Github/Digital-Audio-Environment-setting-activity/Ejercicio_Sonorizaci贸n_EnricMorales_DenisDeconinck
I:/Repos de Github/Digital-Audio-Environment-setting-activity/Ejercicio_Sonorizaci贸n_EnricMorales_DenisDeconinck
Using Asset Import Pipeline V2.
Refreshing native plugins compatible for Editor in 24.30 ms, found 0 plugins.
Preloading 0 native plugins for Editor in 0.00 ms.
Initialize engine version: 2020.3.8f1 (507919d4fff5)
[Subsystems] Discovering subsystems at path I:/Versiones de Unity/2020.3.8f1/Editor/Data/Resources/UnitySubsystems
[Subsystems] Discovering subsystems at path I:/Repos de Github/Digital-Audio-Environment-setting-activity/Ejercicio_Sonorizaci贸n_EnricMorales_DenisDeconinck/Assets
GfxDevice: creating device client; threaded=0
Direct3D:
    Version:  Direct3D 11.0 [level 11.1]
    Renderer: NVIDIA GeForce GTX 1060 3GB (ID=0x1c02)
    Vendor:   
    VRAM:     2988 MB
    Driver:   30.0.15.1165
Initialize mono
Mono path[0] = 'I:/Versiones de Unity/2020.3.8f1/Editor/Data/Managed'
Mono path[1] = 'I:/Versiones de Unity/2020.3.8f1/Editor/Data/MonoBleedingEdge/lib/mono/unityjit'
Mono config path = 'I:/Versiones de Unity/2020.3.8f1/Editor/Data/MonoBleedingEdge/etc'
Using monoOptions --debugger-agent=transport=dt_socket,embedding=1,server=y,suspend=n,address=127.0.0.1:56140
Begin MonoManager ReloadAssembly
Registering precompiled unity dll's ...
Register platform support module: I:/Versiones de Unity/2020.3.8f1/Editor/Data/PlaybackEngines/WindowsStandaloneSupport/UnityEditor.WindowsStandalone.Extensions.dll
Registered in 0.001190 seconds.
Native extension for WindowsStandalone target not found
Refreshing native plugins compatible for Editor in 24.21 ms, found 0 plugins.
Preloading 0 native plugins for Editor in 0.00 ms.
Mono: successfully reloaded assembly
- Completed reload, in  1.225 seconds
Platform modules already initialized, skipping
Registering precompiled user dll's ...
Registered in 0.000788 seconds.
Begin MonoManager ReloadAssembly
Native extension for WindowsStandalone target not found
Refreshing native plugins compatible for Editor in 0.22 ms, found 0 plugins.
Preloading 0 native plugins for Editor in 0.00 ms.
Mono: successfully reloaded assembly
- Completed reload, in  0.718 seconds
Platform modules already initialized, skipping
========================================================================
Worker process is ready to serve import requests
Launched and connected shader compiler UnityShaderCompiler.exe after 0.05 seconds
Refreshing native plugins compatible for Editor in 0.26 ms, found 0 plugins.
Preloading 0 native plugins for Editor in 0.00 ms.
Unloading 1122 Unused Serialized files (Serialized files now loaded: 0)
System memory in use before: 58.4 MB.
System memory in use after: 58.5 MB.

Unloading 9 unused Assets to reduce memory usage. Loaded Objects now: 1568.
Total: 1.692100 ms (FindLiveObjects: 0.119200 ms CreateObjectMapping: 0.029000 ms MarkObjects: 1.490100 ms  DeleteObjects: 0.053100 ms)

========================================================================
Received Import Request.
  path: Assets/Sci-Fi Styled Modular Pack/Prefabs/Lights/light_wall_3.prefab
  artifactKey: Guid(10b4213a276bd0f4d93c345fd1420858) Importer(815301076,1909f56bfc062723c751e8b465ee728b)
Start importing Assets/Sci-Fi Styled Modular Pack/Prefabs/Lights/light_wall_3.prefab using Guid(10b4213a276bd0f4d93c345fd1420858) Importer(815301076,1909f56bfc062723c751e8b465ee728b)  -> (artifact id: '80dda5a740fd310168c8e5440d1dc70b') in 0.128696 seconds
  Import took 0.130544 seconds .

========================================================================
Received Import Request.
  Time since last request: 0.000244 seconds.
  path: Assets/Sci-Fi Styled Modular Pack/Prefabs/Lights/light_wall_2_blue.prefab
  artifactKey: Guid(5412c75372d92be4484fa4a55b5c99e3) Importer(815301076,1909f56bfc062723c751e8b465ee728b)
Start importing Assets/Sci-Fi Styled Modular Pack/Prefabs/Lights/light_wall_2_blue.prefab using Guid(5412c75372d92be4484fa4a55b5c99e3) Importer(815301076,1909f56bfc062723c751e8b465ee728b)  -> (artifact id: 'dd1d2c58ca2c62138d0b6bf43c226e70') in 0.014258 seconds
  Import took 0.016347 seconds .

========================================================================
Received Import Request.
  Time since last request: 0.000278 seconds.
  path: Assets/Sci-Fi Styled Modular Pack/Prefabs/Lights/light_wall_1_blue.prefab
  artifactKey: Guid(7bfca64f0cf4ef248b199077f3f98357) Importer(815301076,1909f56bfc062723c751e8b465ee728b)
Start importing Assets/Sci-Fi Styled Modular Pack/Prefabs/Lights/light_wall_1_blue.prefab using Guid(7bfca64f0cf4ef248b199077f3f98357) Importer(815301076,1909f56bfc062723c751e8b465ee728b)  -> (artifact id: '8a800837b683178516694af7f6a09ed9') in 0.013773 seconds
  Import took 0.016310 seconds .

========================================================================
Received Import Request.
  Time since last request: 0.000269 seconds.
  path: Assets/Sci-Fi Styled Modular Pack/Prefabs/Lights
  artifactKey: Guid(9a8b8ccdb0cb56842926faf128cbfac3) Importer(815301076,1909f56bfc062723c751e8b465ee728b)
Start importing Assets/Sci-Fi Styled Modular Pack/Prefabs/Lights using Guid(9a8b8ccdb0cb56842926faf128cbfac3) Importer(815301076,1909f56bfc062723c751e8b465ee728b)  -> (artifact id: '7ac5de44e64c964a102005ec6d6125a4') in 0.002216 seconds
  Import took 0.003766 seconds .

========================================================================
Received Import Request.
  Time since last request: 0.000236 seconds.
  path: Assets/Sci-Fi Styled Modular Pack/Prefabs/Lights/light_corner_1.prefab
  artifactKey: Guid(43373d8b4f572cf468859751b9dcbbfd) Importer(815301076,1909f56bfc062723c751e8b465ee728b)
Start importing Assets/Sci-Fi Styled Modular Pack/Prefabs/Lights/light_corner_1.prefab using Guid(43373d8b4f572cf468859751b9dcbbfd) Importer(815301076,1909f56bfc062723c751e8b465ee728b)  -> (artifact id: '03ec50b43f8bc48238ba95aa33d377cf') in 0.013616 seconds
  Import took 0.015519 seconds .

========================================================================
Received Import Request.
  Time since last request: 0.000257 seconds.
  path: Assets/Sci-Fi Styled Modular Pack/Prefabs/Lights/light_wall_2.prefab
  artifactKey: Guid(8e32be8f06ec06448ac537b609c2d7f7) Importer(815301076,1909f56bfc062723c751e8b465ee728b)
Start importing Assets/Sci-Fi Styled Modular Pack/Prefabs/Lights/light_wall_2.prefab using Guid(8e32be8f06ec06448ac537b609c2d7f7) Importer(815301076,1909f56bfc062723c751e8b465ee728b)  -> (artifact id: '4a5a652ac81bd8cc74b1c8f5b8e2fba8') in 0.013206 seconds
  Import took 0.014946 seconds .

========================================================================
Received Import Request.
  Time since last request: 0.000263 seconds.
  path: Assets/Sci-Fi Styled Modular Pack/Prefabs/Lights/light_wall_1.prefab
  artifactKey: Guid(bf47bd9e279487a4ca3d6f7a10492900) Importer(815301076,1909f56bfc062723c751e8b465ee728b)
Start importing Assets/Sci-Fi Styled Modular Pack/Prefabs/Lights/light_wall_1.prefab using Guid(bf47bd9e279487a4ca3d6f7a10492900) Importer(815301076,1909f56bfc062723c751e8b465ee728b)  -> (artifact id: '7e3521a59ac1b9a572b9d6003e609554') in 0.013451 seconds
  Import took 0.015228 seconds .

========================================================================
Received Import Request.
  Time since last request: 0.000266 seconds.
  path: Assets/Sci-Fi Styled Modular Pack/Prefabs/Lights/light_corner_1_blue.prefab
  artifactKey: Guid(7b45b788a1417934faed26ad07e2f502) Importer(815301076,1909f56bfc062723c751e8b465ee728b)
Start importing Assets/Sci-Fi Styled Modular Pack/Prefabs/Lights/light_corner_1_blue.prefab using Guid(7b45b788a1417934faed26ad07e2f502) Importer(815301076,1909f56bfc062723c751e8b465ee728b)  -> (artifact id: 'c1e6d0930ac05d35555937ae72f5f7e5') in 0.013177 seconds
  Import took 0.014936 seconds .

========================================================================
Received Import Request.
  Time since last request: 0.000176 seconds.
  path: Assets/Sci-Fi Styled Modular Pack/Prefabs/Lights/light_wall_3_blue.prefab
  artifactKey: Guid(8b5797a18349fb546be8acddc71151ff) Importer(815301076,1909f56bfc062723c751e8b465ee728b)
Start importing Assets/Sci-Fi Styled Modular Pack/Prefabs/Lights/light_wall_3_blue.prefab using Guid(8b5797a18349fb546be8acddc71151ff) Importer(815301076,1909f56bfc062723c751e8b465ee728b)  -> (artifact id: '8f97bc755b252ed38e264eb699c3d339') in 0.015124 seconds
  Import took 0.016868 seconds .

========================================================================
Received Import Request.
  Time since last request: 0.000239 seconds.
  path: Assets/Sci-Fi Styled Modular Pack/Prefabs/Lights/light_celing_1.prefab
  artifactKey: Guid(9c0a6df65fcfba243abb2cf9260b869f) Importer(815301076,1909f56bfc062723c751e8b465ee728b)
Start importing Assets/Sci-Fi Styled Modular Pack/Prefabs/Lights/light_celing_1.prefab using Guid(9c0a6df65fcfba243abb2cf9260b869f) Importer(815301076,1909f56bfc062723c751e8b465ee728b)  -> (artifact id: '2e8cd57df9b2370365f9977cb708d022') in 0.015521 seconds
  Import took 0.017658 seconds .

========================================================================
Received Import Request.
  Time since last request: 0.000273 seconds.
  path: Assets/Sci-Fi Styled Modular Pack/Prefabs/Lights/light_celing_2.prefab
  artifactKey: Guid(e15828603e27c5e42b39860e4f55da70) Importer(815301076,1909f56bfc062723c751e8b465ee728b)
Start importing Assets/Sci-Fi Styled Modular Pack/Prefabs/Lights/light_celing_2.prefab using Guid(e15828603e27c5e42b39860e4f55da70) Importer(815301076,1909f56bfc062723c751e8b465ee728b)  -> (artifact id: '8ea7767a8a7673e61209ed96653a3e27') in 0.016194 seconds
  Import took 0.018489 seconds .

========================================================================
Received Import Request.
  Time since last request: 44.990305 seconds.
  path: Assets/Sci-Fi Styled Modular Pack/Prefabs/Machines
  artifactKey: Guid(91b1e814fa6859c42893a385880afae5) Importer(815301076,1909f56bfc062723c751e8b465ee728b)
Start importing Assets/Sci-Fi Styled Modular Pack/Prefabs/Machines using Guid(91b1e814fa6859c42893a385880afae5) Importer(815301076,1909f56bfc062723c751e8b465ee728b)  -> (artifact id: '75f9768baf996d42d6885daec85498b0') in 0.002447 seconds
  Import took 0.004665 seconds .

========================================================================
Received Import Request.
  Time since last request: 0.065649 seconds.
  path: Assets/Sci-Fi Styled Modular Pack/Prefabs/Machines/Battery.prefab
  artifactKey: Guid(857b9bcf7311f5a49b829c4fd3cc791f) Importer(815301076,1909f56bfc062723c751e8b465ee728b)
Start importing Assets/Sci-Fi Styled Modular Pack/Prefabs/Machines/Battery.prefab using Guid(857b9bcf7311f5a49b829c4fd3cc791f) Importer(815301076,1909f56bfc062723c751e8b465ee728b)  -> (artifact id: '9e172093b12eba4c22e0a6769c482734') in 0.013976 seconds
  Import took 0.015942 seconds .

========================================================================
Received Import Request.
  Time since last request: 0.000279 seconds.
  path: Assets/Sci-Fi Styled Modular Pack/Prefabs/Machines/vending_machine.prefab
  artifactKey: Guid(914595d46f531e44f8b35cd1232a0750) Importer(815301076,1909f56bfc062723c751e8b465ee728b)
Start importing Assets/Sci-Fi Styled Modular Pack/Prefabs/Machines/vending_machine.prefab using Guid(914595d46f531e44f8b35cd1232a0750) Importer(815301076,1909f56bfc062723c751e8b465ee728b)  -> (artifact id: 'f32381a67dcec5cdd48d13dcec0c12e9') in 0.015065 seconds
  Import took 0.017092 seconds .

========================================================================
Received Import Request.
  Time since last request: 0.000230 seconds.
  path: Assets/Sci-Fi Styled Modular Pack/Prefabs/Machines/Battery_big.prefab
  artifactKey: Guid(77c6276b63956c9439d917f842b9eeb0) Importer(815301076,1909f56bfc062723c751e8b465ee728b)
Start importing Assets/Sci-Fi Styled Modular Pack/Prefabs/Machines/Battery_big.prefab using Guid(77c6276b63956c9439d917f842b9eeb0) Importer(815301076,1909f56bfc062723c751e8b465ee728b)  -> (artifact id: '14ceea39d3c7ba8b0d1143dff87e9d09') in 0.013495 seconds
  Import took 0.015556 seconds .

========================================================================
Received Import Request.
  Time since last request: 0.000171 seconds.
  path: Assets/Sci-Fi Styled Modular Pack/Prefabs/Machines/storage_container_big.prefab
  artifactKey: Guid(c944460b7f1a8ef47b05ebec140bdd17) Importer(815301076,1909f56bfc062723c751e8b465ee728b)
Start importing Assets/Sci-Fi Styled Modular Pack/Prefabs/Machines/storage_container_big.prefab using Guid(c944460b7f1a8ef47b05ebec140bdd17) Importer(815301076,1909f56bfc062723c751e8b465ee728b)  -> (artifact id: 'c0c42bd0f2729a6dbbba7bcef6451eca') in 0.015363 seconds
  Import took 0.017167 seconds .

========================================================================
Received Import Request.
  Time since last request: 0.000247 seconds.
  path: Assets/Sci-Fi Styled Modular Pack/Prefabs/Machines/container_small.prefab
  artifactKey: Guid(6456a4784f31cab439d29b7e3bb286a4) Importer(815301076,1909f56bfc062723c751e8b465ee728b)
Start importing Assets/Sci-Fi Styled Modular Pack/Prefabs/Machines/container_small.prefab using Guid(6456a4784f31cab439d29b7e3bb286a4) Importer(815301076,1909f56bfc062723c751e8b465ee728b)  -> (artifact id: '59b6021e396f912c098a4c12adc69728') in 0.019647 seconds
  Import took 0.021332 seconds .

========================================================================
Received Import Request.
  Time since last request: 0.000213 seconds.
  path: Assets/Sci-Fi Styled Modular Pack/Prefabs/Machines/Capacitor.prefab
  artifactKey: Guid(888614259d2d71142a4ba0b538e54caf) Importer(815301076,1909f56bfc062723c751e8b465ee728b)
Start importing Assets/Sci-Fi Styled Modular Pack/Prefabs/Machines/Capacitor.prefab using Guid(888614259d2d71142a4ba0b538e54caf) Importer(815301076,1909f56bfc062723c751e8b465ee728b)  -> (artifact id: '88688d3c5a63bd9218a7015f49cbfe21') in 0.018135 seconds
  Import took 0.019842 seconds .

========================================================================
Received Import Request.
  Time since last request: 0.000251 seconds.
  path: Assets/Sci-Fi Styled Modular Pack/Prefabs/Machines/projector_2.prefab
  artifactKey: Guid(b09ac1c0cceeaae479323b022bfe74b1) Importer(815301076,1909f56bfc062723c751e8b465ee728b)
Start importing Assets/Sci-Fi Styled Modular Pack/Prefabs/Machines/projector_2.prefab using Guid(b09ac1c0cceeaae479323b022bfe74b1) Importer(815301076,1909f56bfc062723c751e8b465ee728b)  -> (artifact id: '5e5567a5c6f96a83197b14a360f672d7') in 0.015693 seconds
  Import took 0.017739 seconds .

========================================================================
Received Import Request.
  Time since last request: 0.000198 seconds.
  path: Assets/Sci-Fi Styled Modular Pack/Prefabs/Machines/container_big.prefab
  artifactKey: Guid(9d79238e340446545b920b58f2cd9574) Importer(815301076,1909f56bfc062723c751e8b465ee728b)
Start importing Assets/Sci-Fi Styled Modular Pack/Prefabs/Machines/container_big.prefab using Guid(9d79238e340446545b920b58f2cd9574) Importer(815301076,1909f56bfc062723c751e8b465ee728b)  -> (artifact id: 'f65a3b980ecdbc2ae638209dbf377026') in 0.017757 seconds
  Import took 0.020492 seconds .

========================================================================
Received Import Request.
  Time since last request: 0.000281 seconds.
  path: Assets/Sci-Fi Styled Modular Pack/Prefabs/Machines/generator.prefab
  artifactKey: Guid(562f0bb8ba91fe844baf976e5806516d) Importer(815301076,1909f56bfc062723c751e8b465ee728b)
Start importing Assets/Sci-Fi Styled Modular Pack/Prefabs/Machines/generator.prefab using Guid(562f0bb8ba91fe844baf976e5806516d) Importer(815301076,1909f56bfc062723c751e8b465ee728b)  -> (artifact id: '155c6ce50f32a0e5abe0dc4a975a1790') in 0.015118 seconds
  Import took 0.016885 seconds .

========================================================================
Received Import Request.
  Time since last request: 0.000257 seconds.
  path: Assets/Sci-Fi Styled Modular Pack/Prefabs/Machines/projector stars.prefab
  artifactKey: Guid(496fa247adc61d44ebaeaf9d72671287) Importer(815301076,1909f56bfc062723c751e8b465ee728b)
Start importing Assets/Sci-Fi Styled Modular Pack/Prefabs/Machines/projector stars.prefab using Guid(496fa247adc61d44ebaeaf9d72671287) Importer(815301076,1909f56bfc062723c751e8b465ee728b)  -> (artifact id: '06ad87151dad3e35faf429a54208e390') in 0.052171 seconds
  Import took 0.054101 seconds .

========================================================================
Received Import Request.
  Time since last request: 0.000269 seconds.
  path: Assets/Sci-Fi Styled Modular Pack/Prefabs/Machines/shield_generator.prefab
  artifactKey: Guid(3705bd4c1b398ea4ba0413ef903772cc) Importer(815301076,1909f56bfc062723c751e8b465ee728b)
Start importing Assets/Sci-Fi Styled Modular Pack/Prefabs/Machines/shield_generator.prefab using Guid(3705bd4c1b398ea4ba0413ef903772cc) Importer(815301076,1909f56bfc062723c751e8b465ee728b)  -> (artifact id: '38647cb5eb3e74f88d5cc72b4cc4348e') in 0.016096 seconds
  Import took 0.018656 seconds .

========================================================================
Received Import Request.
  Time since last request: 0.000288 seconds.
  path: Assets/Sci-Fi Styled Modular Pack/Prefabs/Machines/torpedo_docking_station_1_side.prefab
  artifactKey: Guid(9d50504942943bc4db8140046bd7ee95) Importer(815301076,1909f56bfc062723c751e8b465ee728b)
Start importing Assets/Sci-Fi Styled Modular Pack/Prefabs/Machines/torpedo_docking_station_1_side.prefab using Guid(9d50504942943bc4db8140046bd7ee95) Importer(815301076,1909f56bfc062723c751e8b465ee728b)  -> (artifact id: '4094f99701d17401495d6fb325b62dec') in 0.016307 seconds
  Import took 0.018973 seconds .

========================================================================
Received Import Request.
  Time since last request: 0.000227 seconds.
  path: Assets/Sci-Fi Styled Modular Pack/Prefabs/Machines/rotor.prefab
  artifactKey: Guid(cd918f355f278d740a893b9a8b49a85c) Importer(815301076,1909f56bfc062723c751e8b465ee728b)
Start importing Assets/Sci-Fi Styled Modular Pack/Prefabs/Machines/rotor.prefab using Guid(cd918f355f278d740a893b9a8b49a85c) Importer(815301076,1909f56bfc062723c751e8b465ee728b)  -> (artifact id: '0059762df4c7761679d86031ddfbe8a3') in 0.015506 seconds
  Import took 0.017325 seconds .

========================================================================
Received Import Request.
  Time since last request: 0.000274 seconds.
  path: Assets/Sci-Fi Styled Modular Pack/Prefabs/Machines/storage_container_small.prefab
  artifactKey: Guid(777d150aa6d8e1d48bcaea831bed7072) Importer(815301076,1909f56bfc062723c751e8b465ee728b)
Start importing Assets/Sci-Fi Styled Modular Pack/Prefabs/Machines/storage_container_small.prefab using Guid(777d150aa6d8e1d48bcaea831bed7072) Importer(815301076,1909f56bfc062723c751e8b465ee728b)  -> (artifact id: '81723258d202674c7357d9d98da496d3') in 0.013592 seconds
  Import took 0.015471 seconds .

========================================================================
Received Import Request.
  Time since last request: 0.000230 seconds.
  path: Assets/Sci-Fi Styled Modular Pack/Prefabs/Machines/Battery_medium.prefab
  artifactKey: Guid(98f508b556c380a4e89204f95af2d3da) Importer(815301076,1909f56bfc062723c751e8b465ee728b)
Start importing Assets/Sci-Fi Styled Modular Pack/Prefabs/Machines/Battery_medium.prefab using Guid(98f508b556c380a4e89204f95af2d3da) Importer(815301076,1909f56bfc062723c751e8b465ee728b)  -> (artifact id: 'fa4aafb52e3b62f585f9df6861f5a8ae') in 0.015429 seconds
  Import took 0.017180 seconds .

========================================================================
Received Import Request.
  Time since last request: 0.000229 seconds.
  path: Assets/Sci-Fi Styled Modular Pack/Prefabs/Machines/torpedo.prefab
  artifactKey: Guid(26f7afb3718727245a184c5904ea5cfa) Importer(815301076,1909f56bfc062723c751e8b465ee728b)
Start importing Assets/Sci-Fi Styled Modular Pack/Prefabs/Machines/torpedo.prefab using Guid(26f7afb3718727245a184c5904ea5cfa) Importer(815301076,1909f56bfc062723c751e8b465ee728b)  -> (artifact id: '1904683a423efba55df2fcedeacc42e3') in 0.015536 seconds
  Import took 0.017402 seconds .

========================================================================
Received Import Request.
  Time since last request: 0.000258 seconds.
  path: Assets/Sci-Fi Styled Modular Pack/Prefabs/Machines/projector.prefab
  artifactKey: Guid(3517d6179b17d7d41b2ab3881cb2cd67) Importer(815301076,1909f56bfc062723c751e8b465ee728b)
Start importing Assets/Sci-Fi Styled Modular Pack/Prefabs/Machines/projector.prefab using Guid(3517d6179b17d7d41b2ab3881cb2cd67) Importer(815301076,1909f56bfc062723c751e8b465ee728b)  -> (artifact id: 'ecc7b1f551a14ea525a8a9c28b1f3b97') in 0.021206 seconds
  Import took 0.023949 seconds .

========================================================================
Received Import Request.
  Time since last request: 0.000220 seconds.
  path: Assets/Sci-Fi Styled Modular Pack/Prefabs/Machines/torpedo_docking_station_2_side.prefab
  artifactKey: Guid(e15141fc92cd7b947a0d7d838f1ffb48) Importer(815301076,1909f56bfc062723c751e8b465ee728b)
Start importing Assets/Sci-Fi Styled Modular Pack/Prefabs/Machines/torpedo_docking_station_2_side.prefab using Guid(e15141fc92cd7b947a0d7d838f1ffb48) Importer(815301076,1909f56bfc062723c751e8b465ee728b)  -> (artifact id: 'c62f9b5a4f681bcf6bc7d9b616a2816e') in 0.013905 seconds
  Import took 0.015696 seconds .

========================================================================
Received Import Request.
  Time since last request: 0.000285 seconds.
  path: Assets/Sci-Fi Styled Modular Pack/Prefabs/Machines/projector.prefab
  artifactKey: Guid(3517d6179b17d7d41b2ab3881cb2cd67) Importer(815301076,1909f56bfc062723c751e8b465ee728b)
Start importing Assets/Sci-Fi Styled Modular Pack/Prefabs/Machines/projector.prefab using Guid(3517d6179b17d7d41b2ab3881cb2cd67) Importer(815301076,1909f56bfc062723c751e8b465ee728b)  -> (artifact id: 'ecc7b1f551a14ea525a8a9c28b1f3b97') in 0.022023 seconds
  Import took 0.024014 seconds .

========================================================================
Received Import Request.
  Time since last request: 0.000203 seconds.
  path: Assets/Sci-Fi Styled Modular Pack/Prefabs/Machines/Shield Core.prefab
  artifactKey: Guid(5f8552cfeac0c29428f4d3d1362bacae) Importer(815301076,1909f56bfc062723c751e8b465ee728b)
Start importing Assets/Sci-Fi Styled Modular Pack/Prefabs/Machines/Shield Core.prefab using Guid(5f8552cfeac0c29428f4d3d1362bacae) Importer(815301076,1909f56bfc062723c751e8b465ee728b)  -> (artifact id: '942ffa4670cd49ba39756b65b54bba40') in 0.027833 seconds
  Import took 0.029725 seconds .

========================================================================
Received Import Request.
  Time since last request: 168.678740 seconds.
  path: Assets/Sci-Fi Styled Modular Pack/Prefabs/Extended Primitives
  artifactKey: Guid(98ec51784cf1f5c468e710b817f16923) Importer(815301076,1909f56bfc062723c751e8b465ee728b)
Start importing Assets/Sci-Fi Styled Modular Pack/Prefabs/Extended Primitives using Guid(98ec51784cf1f5c468e710b817f16923) Importer(815301076,1909f56bfc062723c751e8b465ee728b)  -> (artifact id: '3465fa12b45d7b4214cb57d68e0d388d') in 0.002791 seconds
  Import took 0.005090 seconds .

========================================================================
Received Import Request.
  Time since last request: 0.263227 seconds.
  path: Assets/Sci-Fi Styled Modular Pack/Prefabs/Extended Primitives/Cube_1x1_extended.prefab
  artifactKey: Guid(1b9426746a4365c40b24a81f6ad2daea) Importer(815301076,1909f56bfc062723c751e8b465ee728b)
Start importing Assets/Sci-Fi Styled Modular Pack/Prefabs/Extended Primitives/Cube_1x1_extended.prefab using Guid(1b9426746a4365c40b24a81f6ad2daea) Importer(815301076,1909f56bfc062723c751e8b465ee728b)  -> (artifact id: '311b27897881b5df2f073384fff502ad') in 0.016703 seconds
  Import took 0.018670 seconds .

========================================================================
Received Import Request.
  Time since last request: 0.000280 seconds.
  path: Assets/Sci-Fi Styled Modular Pack/Prefabs/Extended Primitives/Cube_1x2_extended.prefab
  artifactKey: Guid(20a37f90760425a44ad7a8650eecc7b7) Importer(815301076,1909f56bfc062723c751e8b465ee728b)
Start importing Assets/Sci-Fi Styled Modular Pack/Prefabs/Extended Primitives/Cube_1x2_extended.prefab using Guid(20a37f90760425a44ad7a8650eecc7b7) Importer(815301076,1909f56bfc062723c751e8b465ee728b)  -> (artifact id: 'acc962b5748a3aff4cac4b4525a887a9') in 0.015800 seconds
  Import took 0.018373 seconds .

========================================================================
Received Import Request.
  Time since last request: 0.000264 seconds.
  path: Assets/Sci-Fi Styled Modular Pack/Prefabs/Extended Primitives/Cube_2x2_extended.prefab
  artifactKey: Guid(6e1e6e01e60af9e4abae4d324b854198) Importer(815301076,1909f56bfc062723c751e8b465ee728b)
Start importing Assets/Sci-Fi Styled Modular Pack/Prefabs/Extended Primitives/Cube_2x2_extended.prefab using Guid(6e1e6e01e60af9e4abae4d324b854198) Importer(815301076,1909f56bfc062723c751e8b465ee728b)  -> (artifact id: '6af37d16e119691e6dfa652409f9faed') in 0.265363 seconds
  Import took 0.267181 seconds .

========================================================================
Received Import Request.
  Time since last request: 0.000295 seconds.
  path: Assets/Sci-Fi Styled Modular Pack/Prefabs/Extended Primitives/Sphere_32_extended.prefab
  artifactKey: Guid(de147e9408aafd44da3a10d9b4fdc046) Importer(815301076,1909f56bfc062723c751e8b465ee728b)
Start importing Assets/Sci-Fi Styled Modular Pack/Prefabs/Extended Primitives/Sphere_32_extended.prefab using Guid(de147e9408aafd44da3a10d9b4fdc046) Importer(815301076,1909f56bfc062723c751e8b465ee728b)  -> (artifact id: '7f945f3ec273a5fc164126aa452d63c6') in 0.013089 seconds
  Import took 0.014821 seconds .

========================================================================
Received Import Request.
  Time since last request: 0.000215 seconds.
  path: Assets/Sci-Fi Styled Modular Pack/Prefabs/Extended Primitives/Sphere_16_extended.prefab
  artifactKey: Guid(a8db70ed00a022d4ca7f82df02fbc4fb) Importer(815301076,1909f56bfc062723c751e8b465ee728b)
Start importing Assets/Sci-Fi Styled Modular Pack/Prefabs/Extended Primitives/Sphere_16_extended.prefab using Guid(a8db70ed00a022d4ca7f82df02fbc4fb) Importer(815301076,1909f56bfc062723c751e8b465ee728b)  -> (artifact id: '8ff504d485a326f587679c79fba74c9c') in 0.014624 seconds
  Import took 0.016451 seconds .

========================================================================
Received Import Request.
  Time since last request: 0.000383 seconds.
  path: Assets/Sci-Fi Styled Modular Pack/Prefabs/Extended Primitives/Cylinder_16_extended.prefab
  artifactKey: Guid(3f6d5a55a145f4f40bebd7d054c548f0) Importer(815301076,1909f56bfc062723c751e8b465ee728b)
Start importing Assets/Sci-Fi Styled Modular Pack/Prefabs/Extended Primitives/Cylinder_16_extended.prefab using Guid(3f6d5a55a145f4f40bebd7d054c548f0) Importer(815301076,1909f56bfc062723c751e8b465ee728b)  -> (artifact id: 'a51deedb7348d845617a03d5f3c19d2e') in 0.012159 seconds
  Import took 0.014270 seconds .

========================================================================
Received Import Request.
  Time since last request: 675.745364 seconds.
  path: Assets/Sci-Fi Styled Modular Pack/Prefabs/Decorative elements/Tables
  artifactKey: Guid(df3bcd11e32c71f479289ea52e404ac1) Importer(815301076,1909f56bfc062723c751e8b465ee728b)
Start importing Assets/Sci-Fi Styled Modular Pack/Prefabs/Decorative elements/Tables using Guid(df3bcd11e32c71f479289ea52e404ac1) Importer(815301076,1909f56bfc062723c751e8b465ee728b)  -> (artifact id: '5172117ecfebf02191f582f70ae1f3e1') in 0.002400 seconds
  Import took 0.004644 seconds .

========================================================================
Received Import Request.
  Time since last request: 0.203577 seconds.
  path: Assets/Sci-Fi Styled Modular Pack/Prefabs/Decorative elements/Tables/decorative_table_glass.prefab
  artifactKey: Guid(74f8de2ddfdb61644af2f84484b176a0) Importer(815301076,1909f56bfc062723c751e8b465ee728b)
Start importing Assets/Sci-Fi Styled Modular Pack/Prefabs/Decorative elements/Tables/decorative_table_glass.prefab using Guid(74f8de2ddfdb61644af2f84484b176a0) Importer(815301076,1909f56bfc062723c751e8b465ee728b)  -> (artifact id: 'a0c2d6360d6047d1e0fdf2b4fd75155f') in 0.013935 seconds
  Import took 0.015776 seconds .

========================================================================
Received Import Request.
  Time since last request: 0.000257 seconds.
  path: Assets/Sci-Fi Styled Modular Pack/Prefabs/Decorative elements/Tables/decorative_table_small_glass.prefab
  artifactKey: Guid(f7511fb92e623b7469d7f61a89549084) Importer(815301076,1909f56bfc062723c751e8b465ee728b)
Start importing Assets/Sci-Fi Styled Modular Pack/Prefabs/Decorative elements/Tables/decorative_table_small_glass.prefab using Guid(f7511fb92e623b7469d7f61a89549084) Importer(815301076,1909f56bfc062723c751e8b465ee728b)  -> (artifact id: '56caad5fce12c2f417809d3a48fd6124') in 0.016204 seconds
  Import took 0.018055 seconds .

========================================================================
Received Import Request.
  Time since last request: 0.000195 seconds.
  path: Assets/Sci-Fi Styled Modular Pack/Prefabs/Decorative elements/Tables/decorative_table_small_no_glass.prefab
  artifactKey: Guid(26af61b285562a24abea55bb623bf8c1) Importer(815301076,1909f56bfc062723c751e8b465ee728b)
Start importing Assets/Sci-Fi Styled Modular Pack/Prefabs/Decorative elements/Tables/decorative_table_small_no_glass.prefab using Guid(26af61b285562a24abea55bb623bf8c1) Importer(815301076,1909f56bfc062723c751e8b465ee728b)  -> (artifact id: 'ab66665b4d49ce686dd3198d658e56d2') in 0.012927 seconds
  Import took 0.015654 seconds .

========================================================================
Received Import Request.
  Time since last request: 0.000272 seconds.
  path: Assets/Sci-Fi Styled Modular Pack/Prefabs/Decorative elements/Tables/decorative_table_no_glass.prefab
  artifactKey: Guid(95d12ecd1322c574f89e881a38c01401) Importer(815301076,1909f56bfc062723c751e8b465ee728b)
Start importing Assets/Sci-Fi Styled Modular Pack/Prefabs/Decorative elements/Tables/decorative_table_no_glass.prefab using Guid(95d12ecd1322c574f89e881a38c01401) Importer(815301076,1909f56bfc062723c751e8b465ee728b)  -> (artifact id: '86fa6fe51d287de9081f00cdc3dc79ea') in 0.268069 seconds
  Import took 0.270037 seconds .

========================================================================
Received Import Request.
  Time since last request: 0.000265 seconds.
  path: Assets/Sci-Fi Styled Modular Pack/Prefabs/Decorative elements/Tables/table_2.prefab
  artifactKey: Guid(6ffa7d55296318341acf5521f4bbae00) Importer(815301076,1909f56bfc062723c751e8b465ee728b)
Start importing Assets/Sci-Fi Styled Modular Pack/Prefabs/Decorative elements/Tables/table_2.prefab using Guid(6ffa7d55296318341acf5521f4bbae00) Importer(815301076,1909f56bfc062723c751e8b465ee728b)  -> (artifact id: '138a31034e29ccd35c283eb39c9bd929') in 0.013409 seconds
  Import took 0.015296 seconds .

========================================================================
Received Import Request.
  Time since last request: 0.000255 seconds.
  path: Assets/Sci-Fi Styled Modular Pack/Prefabs/Decorative elements/Tables/decorative_table_no_glass_only_top.prefab
  artifactKey: Guid(699db2b0a61aefe44b1da8ec52e44bcf) Importer(815301076,1909f56bfc062723c751e8b465ee728b)
Start importing Assets/Sci-Fi Styled Modular Pack/Prefabs/Decorative elements/Tables/decorative_table_no_glass_only_top.prefab using Guid(699db2b0a61aefe44b1da8ec52e44bcf) Importer(815301076,1909f56bfc062723c751e8b465ee728b)  -> (artifact id: '062b7d891f94ec59782ba9493afb7ffe') in 0.013979 seconds
  Import took 0.015912 seconds .

========================================================================
Received Import Request.
  Time since last request: 0.000215 seconds.
  path: Assets/Sci-Fi Styled Modular Pack/Prefabs/Decorative elements/Tables/desk.prefab
  artifactKey: Guid(14f2f01264616214ba79f88c8f46c15f) Importer(815301076,1909f56bfc062723c751e8b465ee728b)
Start importing Assets/Sci-Fi Styled Modular Pack/Prefabs/Decorative elements/Tables/desk.prefab using Guid(14f2f01264616214ba79f88c8f46c15f) Importer(815301076,1909f56bfc062723c751e8b465ee728b)  -> (artifact id: 'cf5eb5edab10c84b524f137314fe0fea') in 0.016370 seconds
  Import took 0.018413 seconds .

========================================================================
Received Import Request.
  Time since last request: 0.000212 seconds.
  path: Assets/Sci-Fi Styled Modular Pack/Prefabs/Decorative elements/Tables/desk_no_computer.prefab
  artifactKey: Guid(861fea087c7148246939515a3d957d2e) Importer(815301076,1909f56bfc062723c751e8b465ee728b)
Start importing Assets/Sci-Fi Styled Modular Pack/Prefabs/Decorative elements/Tables/desk_no_computer.prefab using Guid(861fea087c7148246939515a3d957d2e) Importer(815301076,1909f56bfc062723c751e8b465ee728b)  -> (artifact id: '475cc3d4dd4171089a516e4e1a143dd7') in 0.014259 seconds
  Import took 0.016028 seconds .

========================================================================
Received Import Request.
  Time since last request: 227.578297 seconds.
  path: Assets/Sci-Fi Styled Modular Pack/Prefabs/Decorative elements/Column
  artifactKey: Guid(260b3aefe7560de46982de7f83ddf8ae) Importer(815301076,1909f56bfc062723c751e8b465ee728b)
Start importing Assets/Sci-Fi Styled Modular Pack/Prefabs/Decorative elements/Column using Guid(260b3aefe7560de46982de7f83ddf8ae) Importer(815301076,1909f56bfc062723c751e8b465ee728b)  -> (artifact id: '12f70d882589949d5d921d3547c08ded') in 0.003285 seconds
  Import took 0.005135 seconds .

========================================================================
Received Import Request.
  Time since last request: 0.250491 seconds.
  path: Assets/Sci-Fi Styled Modular Pack/Prefabs/Decorative elements/Column/column_end.prefab
  artifactKey: Guid(d10d3ce46f3a5d84cbcccd4f14bf3958) Importer(815301076,1909f56bfc062723c751e8b465ee728b)
Start importing Assets/Sci-Fi Styled Modular Pack/Prefabs/Decorative elements/Column/column_end.prefab using Guid(d10d3ce46f3a5d84cbcccd4f14bf3958) Importer(815301076,1909f56bfc062723c751e8b465ee728b)  -> (artifact id: '017cf859e3ca1354a2ef1446fbd8c985') in 0.012993 seconds
  Import took 0.014812 seconds .

========================================================================
Received Import Request.
  Time since last request: 0.000249 seconds.
  path: Assets/Sci-Fi Styled Modular Pack/Prefabs/Decorative elements/Column/column_middle.prefab
  artifactKey: Guid(736d23d832d564c42a6b81c9fefb19bb) Importer(815301076,1909f56bfc062723c751e8b465ee728b)
Start importing Assets/Sci-Fi Styled Modular Pack/Prefabs/Decorative elements/Column/column_middle.prefab using Guid(736d23d832d564c42a6b81c9fefb19bb) Importer(815301076,1909f56bfc062723c751e8b465ee728b)  -> (artifact id: '0d099924d1062a83a7667e335244681c') in 0.508664 seconds
  Import took 0.510307 seconds .

========================================================================
Received Import Request.
  Time since last request: 0.000282 seconds.
  path: Assets/Sci-Fi Styled Modular Pack/Prefabs/Decorative elements/Column/column_kneel.prefab
  artifactKey: Guid(1acf2995551e93f4fb86449e38b67314) Importer(815301076,1909f56bfc062723c751e8b465ee728b)
Start importing Assets/Sci-Fi Styled Modular Pack/Prefabs/Decorative elements/Column/column_kneel.prefab using Guid(1acf2995551e93f4fb86449e38b67314) Importer(815301076,1909f56bfc062723c751e8b465ee728b)  -> (artifact id: 'b1124f814d9ddf5e96a535aab3f1c7ca') in 0.034118 seconds
  Import took 0.035954 seconds .

========================================================================
Received Import Request.
  Time since last request: 0.000214 seconds.
  path: Assets/Sci-Fi Styled Modular Pack/Prefabs/Decorative elements/Column/column_kneel_2.prefab
  artifactKey: Guid(23dfeb7d73f68474285f619486e8119f) Importer(815301076,1909f56bfc062723c751e8b465ee728b)
Start importing Assets/Sci-Fi Styled Modular Pack/Prefabs/Decorative elements/Column/column_kneel_2.prefab using Guid(23dfeb7d73f68474285f619486e8119f) Importer(815301076,1909f56bfc062723c751e8b465ee728b)  -> (artifact id: 'b92d71facd5a6288061979a4116aa984') in 0.012356 seconds
  Import took 0.014492 seconds .

========================================================================
Received Import Request.
  Time since last request: 59.826291 seconds.
  path: Assets/Sci-Fi Styled Modular Pack/Prefabs/Joints
  artifactKey: Guid(91631326900d7ec47b43c88b501ce361) Importer(815301076,1909f56bfc062723c751e8b465ee728b)
Start importing Assets/Sci-Fi Styled Modular Pack/Prefabs/Joints using Guid(91631326900d7ec47b43c88b501ce361) Importer(815301076,1909f56bfc062723c751e8b465ee728b)  -> (artifact id: 'b91b6d6b1cc9078f25174ac2f626026d') in 0.002517 seconds
  Import took 0.004755 seconds .

========================================================================
Received Import Request.
  Time since last request: 0.049035 seconds.
  path: Assets/Sci-Fi Styled Modular Pack/Prefabs/Joints/Joint_T_6.prefab
  artifactKey: Guid(825145a142d78c74b8962c930ad0d269) Importer(815301076,1909f56bfc062723c751e8b465ee728b)
Start importing Assets/Sci-Fi Styled Modular Pack/Prefabs/Joints/Joint_T_6.prefab using Guid(825145a142d78c74b8962c930ad0d269) Importer(815301076,1909f56bfc062723c751e8b465ee728b)  -> (artifact id: 'a2120fcb892df9bf1488bce70616783b') in 0.015227 seconds
  Import took 0.017606 seconds .

========================================================================
Received Import Request.
  Time since last request: 0.000277 seconds.
  path: Assets/Sci-Fi Styled Modular Pack/Prefabs/Joints/Joint_Y_6.prefab
  artifactKey: Guid(a7e2f529ec077f5449e53f9dd39452fe) Importer(815301076,1909f56bfc062723c751e8b465ee728b)
Start importing Assets/Sci-Fi Styled Modular Pack/Prefabs/Joints/Joint_Y_6.prefab using Guid(a7e2f529ec077f5449e53f9dd39452fe) Importer(815301076,1909f56bfc062723c751e8b465ee728b)  -> (artifact id: '091657f3adb729b5f44824f462f96f84') in 0.013268 seconds
  Import took 0.015075 seconds .

========================================================================
Received Import Request.
  Time since last request: 0.000344 seconds.
  path: Assets/Sci-Fi Styled Modular Pack/Prefabs/Joints/Joint_X_6.prefab
  artifactKey: Guid(9d71973b94dc7364a8a8c7cd0a62b082) Importer(815301076,1909f56bfc062723c751e8b465ee728b)
Start importing Assets/Sci-Fi Styled Modular Pack/Prefabs/Joints/Joint_X_6.prefab using Guid(9d71973b94dc7364a8a8c7cd0a62b082) Importer(815301076,1909f56bfc062723c751e8b465ee728b)  -> (artifact id: '704d0b7bcb047e109a892f9997a984e3') in 0.264424 seconds
  Import took 0.266294 seconds .

========================================================================
Received Prepare
Registering precompiled user dll's ...
Registered in 0.001117 seconds.
Begin MonoManager ReloadAssembly
Native extension for WindowsStandalone target not found
Refreshing native plugins compatible for Editor in 0.31 ms, found 0 plugins.
Preloading 0 native plugins for Editor in 0.00 ms.
Mono: successfully reloaded assembly
- Completed reload, in  0.880 seconds
Platform modules already initialized, skipping
Refreshing native plugins compatible for Editor in 0.45 ms, found 0 plugins.
Preloading 0 native plugins for Editor in 0.00 ms.
Unloading 1116 Unused Serialized files (Serialized files now loaded: 0)
System memory in use before: 61.5 MB.
System memory in use after: 61.6 MB.

Unloading 4 unused Assets to reduce memory usage. Loaded Objects now: 1579.
Total: 1.413500 ms (FindLiveObjects: 0.116000 ms CreateObjectMapping: 0.029400 ms MarkObjects: 1.251200 ms  DeleteObjects: 0.016100 ms)

========================================================================
Received Import Request.
  Time since last request: 1680.868336 seconds.
  path: Assets/Sci-Fi Styled Modular Pack/Prefabs/Decorative elements/Arts
  artifactKey: Guid(e1789e0a7f3409a459801d45d09aecb9) Importer(815301076,1909f56bfc062723c751e8b465ee728b)
Start importing Assets/Sci-Fi Styled Modular Pack/Prefabs/Decorative elements/Arts using Guid(e1789e0a7f3409a459801d45d09aecb9) Importer(815301076,1909f56bfc062723c751e8b465ee728b)  -> (artifact id: 'f4e5fc69b70b639591417c008802505c') in 0.005867 seconds
  Import took 0.008342 seconds .

========================================================================
Received Import Request.
  Time since last request: 0.101047 seconds.
  path: Assets/Sci-Fi Styled Modular Pack/Prefabs/Decorative elements/Arts/art_1.prefab
  artifactKey: Guid(bddb1706eb9e38c4c8aad9e975af8fba) Importer(815301076,1909f56bfc062723c751e8b465ee728b)
Start importing Assets/Sci-Fi Styled Modular Pack/Prefabs/Decorative elements/Arts/art_1.prefab using Guid(bddb1706eb9e38c4c8aad9e975af8fba) Importer(815301076,1909f56bfc062723c751e8b465ee728b)  -> (artifact id: 'cd43e82c4e2adc21fcb53e2642447c89') in 0.365436 seconds
  Import took 0.367336 seconds .

========================================================================
Received Import Request.
  Time since last request: 0.000301 seconds.
  path: Assets/Sci-Fi Styled Modular Pack/Prefabs/Decorative elements/Arts/art_6.prefab
  artifactKey: Guid(52c2612af80526741a33c2092448618c) Importer(815301076,1909f56bfc062723c751e8b465ee728b)
Start importing Assets/Sci-Fi Styled Modular Pack/Prefabs/Decorative elements/Arts/art_6.prefab using Guid(52c2612af80526741a33c2092448618c) Importer(815301076,1909f56bfc062723c751e8b465ee728b)  -> (artifact id: '51cf41b279b4a9067aa6fc4665cd6fa9') in 0.014460 seconds
  Import took 0.016138 seconds .

========================================================================
Received Import Request.
  Time since last request: 0.000248 seconds.
  path: Assets/Sci-Fi Styled Modular Pack/Prefabs/Decorative elements/Arts/art_3.prefab
  artifactKey: Guid(570e2548a8f74734e8a712c7c4f6ab0c) Importer(815301076,1909f56bfc062723c751e8b465ee728b)
Start importing Assets/Sci-Fi Styled Modular Pack/Prefabs/Decorative elements/Arts/art_3.prefab using Guid(570e2548a8f74734e8a712c7c4f6ab0c) Importer(815301076,1909f56bfc062723c751e8b465ee728b)  -> (artifact id: 'f449b923cd353deb7f68979b9a747cdf') in 0.013502 seconds
  Import took 0.015919 seconds .

========================================================================
Received Import Request.
  Time since last request: 0.000259 seconds.
  path: Assets/Sci-Fi Styled Modular Pack/Prefabs/Decorative elements/Arts/art_2.prefab
  artifactKey: Guid(df1cac3988f7cf841b2b0afc88ea5e26) Importer(815301076,1909f56bfc062723c751e8b465ee728b)
Start importing Assets/Sci-Fi Styled Modular Pack/Prefabs/Decorative elements/Arts/art_2.prefab using Guid(df1cac3988f7cf841b2b0afc88ea5e26) Importer(815301076,1909f56bfc062723c751e8b465ee728b)  -> (artifact id: '3450060a2e3f236098c33968ab468f61') in 0.014595 seconds
  Import took 0.016572 seconds .

========================================================================
Received Import Request.
  Time since last request: 0.000246 seconds.
  path: Assets/Sci-Fi Styled Modular Pack/Prefabs/Decorative elements/Arts/art_5.prefab
  artifactKey: Guid(b1b2094e689c43d4ea4fd01f7c8b5849) Importer(815301076,1909f56bfc062723c751e8b465ee728b)
Start importing Assets/Sci-Fi Styled Modular Pack/Prefabs/Decorative elements/Arts/art_5.prefab using Guid(b1b2094e689c43d4ea4fd01f7c8b5849) Importer(815301076,1909f56bfc062723c751e8b465ee728b)  -> (artifact id: 'dab185424345bd56347591e8ec122159') in 0.014277 seconds
  Import took 0.016094 seconds .

========================================================================
Received Import Request.
  Time since last request: 0.000272 seconds.
  path: Assets/Sci-Fi Styled Modular Pack/Prefabs/Decorative elements/Arts/art_4.prefab
  artifactKey: Guid(d958a3a196d271942ba6a229a5d5ccd8) Importer(815301076,1909f56bfc062723c751e8b465ee728b)
Start importing Assets/Sci-Fi Styled Modular Pack/Prefabs/Decorative elements/Arts/art_4.prefab using Guid(d958a3a196d271942ba6a229a5d5ccd8) Importer(815301076,1909f56bfc062723c751e8b465ee728b)  -> (artifact id: 'dac4699f7efd7c523978d500fa330efa') in 0.012924 seconds
  Import took 0.015021 seconds .

========================================================================
Received Prepare
Registering precompiled user dll's ...
Registered in 0.000700 seconds.
Begin MonoManager ReloadAssembly
Native extension for WindowsStandalone target not found
Refreshing native plugins compatible for Editor in 0.22 ms, found 0 plugins.
Preloading 0 native plugins for Editor in 0.00 ms.
Mono: successfully reloaded assembly
- Completed reload, in  0.669 seconds
Platform modules already initialized, skipping
Refreshing native plugins compatible for Editor in 0.21 ms, found 0 plugins.
Preloading 0 native plugins for Editor in 0.00 ms.
Unloading 1116 Unused Serialized files (Serialized files now loaded: 0)
System memory in use before: 61.5 MB.
System memory in use after: 61.6 MB.

Unloading 4 unused Assets to reduce memory usage. Loaded Objects now: 1583.
Total: 1.449300 ms (FindLiveObjects: 0.120100 ms CreateObjectMapping: 0.027200 ms MarkObjects: 1.289300 ms  DeleteObjects: 0.011800 ms)

========================================================================
Received Prepare
Registering precompiled user dll's ...
Registered in 0.000795 seconds.
Begin MonoManager ReloadAssembly
Native extension for WindowsStandalone target not found
Refreshing native plugins compatible for Editor in 0.24 ms, found 0 plugins.
Preloading 0 native plugins for Editor in 0.00 ms.
Mono: successfully reloaded assembly
- Completed reload, in  0.693 seconds
Platform modules already initialized, skipping
Refreshing native plugins compatible for Editor in 0.22 ms, found 0 plugins.
Preloading 0 native plugins for Editor in 0.00 ms.
Unloading 1116 Unused Serialized files (Serialized files now loaded: 0)
System memory in use before: 61.5 MB.
System memory in use after: 61.6 MB.

Unloading 4 unused Assets to reduce memory usage. Loaded Objects now: 1586.
Total: 1.507100 ms (FindLiveObjects: 0.115000 ms CreateObjectMapping: 0.028900 ms MarkObjects: 1.341800 ms  DeleteObjects: 0.020500 ms)

AssetImportWorkerClient::OnTransportError - code=2 error=End of file
